{
  "stats": {
    "suites": 1,
    "tests": 2,
    "passes": 2,
    "pending": 0,
    "failures": 0,
    "start": "2020-02-12T20:17:55.492Z",
    "end": "2020-02-12T20:18:04.844Z",
    "duration": 9352,
    "testsRegistered": 2,
    "passPercent": 100,
    "pendingPercent": 0,
    "other": 0,
    "hasOther": false,
    "skipped": 0,
    "hasSkipped": false
  },
  "results": [
    {
      "uuid": "6fdf868d-d049-4870-a8d8-2e87b903521f",
      "title": "",
      "fullFile": "cypress/integration/examples/opensourcecms.spec.js",
      "file": "cypress/integration/examples/opensourcecms.spec.js",
      "beforeHooks": [],
      "afterHooks": [],
      "tests": [],
      "suites": [
        {
          "uuid": "c7b19a84-ad60-4b02-843f-327da9b199d6",
          "title": "Test opensourcecms",
          "fullFile": "",
          "file": "",
          "beforeHooks": [],
          "afterHooks": [],
          "tests": [
            {
              "title": "Test login page placeholders",
              "fullTitle": "Test opensourcecms Test login page placeholders",
              "timedOut": null,
              "duration": 3887,
              "state": "passed",
              "speed": "slow",
              "pass": true,
              "fail": false,
              "pending": false,
              "context": null,
              "code": "cy.percySnapshot();\n_OSLoginPage.loginPage.checkPlaceHolder('Username');\n_OSLoginPage.loginPage.checkPlaceHolder('Password');",
              "err": {},
              "uuid": "6478775a-97b4-4325-a492-11271cc667ca",
              "parentUUID": "c7b19a84-ad60-4b02-843f-327da9b199d6",
              "isHook": false,
              "skipped": false
            },
            {
              "title": "Test login page all invalid permutations",
              "fullTitle": "Test opensourcecms Test login page all invalid permutations",
              "timedOut": null,
              "duration": 5420,
              "state": "passed",
              "speed": "slow",
              "pass": true,
              "fail": false,
              "pending": false,
              "context": null,
              "code": "_OSLoginPage.loginPage.performLogin('admin', 'password');\n_OSLoginPage.loginPage.clickLoginButton();\n_OSLoginPage.loginPage.verifyUiLoginMessage('Invalid credentials');\n_OSLoginPage.loginPage.performLogin('', '');\n_OSLoginPage.loginPage.clickLoginButton();\n_OSLoginPage.loginPage.verifyUiLoginMessage('Username cannot be empty');\n_OSLoginPage.loginPage.performLogin('', 'opensourcecms');\n_OSLoginPage.loginPage.clickLoginButton();\n_OSLoginPage.loginPage.verifyUiLoginMessage('Username cannot be empty');\n_OSLoginPage.loginPage.performLogin('opensourcecms', '');\n_OSLoginPage.loginPage.clickLoginButton();\n_OSLoginPage.loginPage.verifyUiLoginMessage('Password cannot be empty');\ncy.percySnapshot('After');",
              "err": {},
              "uuid": "36acc93b-3d22-4ce4-9444-2df6265154bd",
              "parentUUID": "c7b19a84-ad60-4b02-843f-327da9b199d6",
              "isHook": false,
              "skipped": false
            }
          ],
          "suites": [],
          "passes": [
            "6478775a-97b4-4325-a492-11271cc667ca",
            "36acc93b-3d22-4ce4-9444-2df6265154bd"
          ],
          "failures": [],
          "pending": [],
          "skipped": [],
          "duration": 9307,
          "root": false,
          "rootEmpty": false,
          "_timeout": 2000
        }
      ],
      "passes": [],
      "failures": [],
      "pending": [],
      "skipped": [],
      "duration": 0,
      "root": true,
      "rootEmpty": true,
      "_timeout": 2000
    }
  ],
  "meta": {
    "mocha": {
      "version": "7.0.1"
    },
    "mochawesome": {
      "options": {
        "quiet": true,
        "reportFilename": "mochawesome",
        "saveHtml": false,
        "saveJson": true,
        "consoleReporter": "spec",
        "useInlineDiffs": false
      },
      "version": "4.1.0"
    },
    "marge": {
      "options": {
        "id": "default",
        "reportDir": "cypress/reports/mocha",
        "quiet": true,
        "overwrite": false,
        "html": false,
        "json": true
      },
      "version": "4.1.0"
    }
  }
}