<?xml version="1.0" encoding="UTF-8"?>
<testsuites name="Mocha Tests" time="6.4840" tests="2" failures="0">
  <testsuite name="Root Suite" timestamp="2020-02-12T19:47:12" tests="0" file="cypress/integration/examples/Cucumber/opensourcecms.feature" time="0.0000" failures="0">
  </testsuite>
  <testsuite name="opensourcecms feature" timestamp="2020-02-12T19:47:12" tests="2" time="6.4840" failures="0">
    <testcase name="opensourcecms feature Test login page placeholders" time="1.8390" classname="Test login page placeholders">
    </testcase>
    <testcase name="opensourcecms feature Test login page all invalid permutations" time="4.6450" classname="Test login page all invalid permutations">
    </testcase>
  </testsuite>
</testsuites>